[2024-11-28 11:34:14,428] INFO Starting the log cleaner (kafka.log.LogCleaner)
[2024-11-28 16:45:48,830] INFO Starting the log cleaner (kafka.log.LogCleaner)
[2025-02-26 14:03:45,568] INFO Starting the log cleaner (kafka.log.LogCleaner)
[2025-02-26 14:03:48,631] INFO Shutting down the log cleaner. (kafka.log.LogCleaner)
[2025-02-26 14:05:23,203] INFO Starting the log cleaner (kafka.log.LogCleaner)
[2025-02-26 14:17:50,653] INFO Starting the log cleaner (kafka.log.LogCleaner)
[2025-08-24 22:57:17,573] INFO Starting the log cleaner (kafka.log.LogCleaner)
[2025-08-24 22:59:47,885] INFO Cleaner 0: Beginning cleaning of log __consumer_offsets-2 (kafka.log.LogCleaner)
[2025-08-24 22:59:47,886] INFO Cleaner 0: Building offset map for __consumer_offsets-2... (kafka.log.LogCleaner)
[2025-08-24 22:59:47,944] INFO Cleaner 0: Building offset map for log __consumer_offsets-2 for 1 segments in offset range [0, 9). (kafka.log.LogCleaner)
[2025-08-24 22:59:47,959] INFO Cleaner 0: Offset map for log __consumer_offsets-2 complete. (kafka.log.LogCleaner)
[2025-08-24 22:59:47,967] INFO Cleaner 0: Cleaning log __consumer_offsets-2 (cleaning prior to Mon Jun 09 19:12:10 IST 2025, discarding tombstones prior to upper bound deletion horizon Thu Jan 01 05:30:00 IST 1970)... (kafka.log.LogCleaner)
[2025-08-24 22:59:47,976] INFO Cleaner 0: Cleaning LogSegment(baseOffset=0, size=1764, lastModifiedTime=1749476530139, largestRecordTimestamp=1749476530138) in log __consumer_offsets-2 into 0 with an upper bound deletion horizon 0 computed from the segment last modified time of 1749476530139,retaining deletes. (kafka.log.LogCleaner)
[2025-08-24 22:59:48,042] INFO Cleaner 0: Swapping in cleaned segment LogSegment(baseOffset=0, size=263, lastModifiedTime=1749476530139, largestRecordTimestamp=1749476530138) for segment(s) List(LogSegment(baseOffset=0, size=1764, lastModifiedTime=1749476530139, largestRecordTimestamp=1749476530138)) in log Log(dir=E:\data\kafka\kafka-logs\__consumer_offsets-2, topicId=cYr2C3H2TgieI1va9MsgTQ, topic=__consumer_offsets, partition=2, highWatermark=10, lastStableOffset=10, logStartOffset=0, logEndOffset=10) (kafka.log.LogCleaner)
[2025-08-24 22:59:48,081] INFO Cleaner 0: Beginning cleaning of log __consumer_offsets-2 (kafka.log.LogCleaner)
[2025-08-24 22:59:48,081] INFO Cleaner 0: Building offset map for __consumer_offsets-2... (kafka.log.LogCleaner)
[2025-08-24 22:59:48,104] INFO Cleaner 0: Building offset map for log __consumer_offsets-2 for 1 segments in offset range [0, 9). (kafka.log.LogCleaner)
[2025-08-24 22:59:48,106] INFO Cleaner 0: Offset map for log __consumer_offsets-2 complete. (kafka.log.LogCleaner)
[2025-08-24 22:59:48,107] INFO Cleaner 0: Cleaning log __consumer_offsets-2 (cleaning prior to Mon Jun 09 19:12:10 IST 2025, discarding tombstones prior to upper bound deletion horizon Thu Jan 01 05:30:00 IST 1970)... (kafka.log.LogCleaner)
[2025-08-24 22:59:48,125] INFO Cleaner 0: Beginning cleaning of log __consumer_offsets-2 (kafka.log.LogCleaner)
[2025-08-24 22:59:48,125] INFO Cleaner 0: Building offset map for __consumer_offsets-2... (kafka.log.LogCleaner)
[2025-08-24 23:03:47,834] INFO Starting the log cleaner (kafka.log.LogCleaner)
[2025-08-24 23:04:03,071] INFO Cleaner 0: Beginning cleaning of log __consumer_offsets-2 (kafka.log.LogCleaner)
[2025-08-24 23:04:03,072] INFO Cleaner 0: Building offset map for __consumer_offsets-2... (kafka.log.LogCleaner)
[2025-08-24 23:04:03,114] INFO Cleaner 0: Building offset map for log __consumer_offsets-2 for 1 segments in offset range [0, 9). (kafka.log.LogCleaner)
[2025-08-24 23:04:03,145] INFO Cleaner 0: Offset map for log __consumer_offsets-2 complete. (kafka.log.LogCleaner)
[2025-08-24 23:04:03,155] INFO Cleaner 0: Cleaning log __consumer_offsets-2 (cleaning prior to Mon Jun 09 19:12:10 IST 2025, discarding tombstones prior to upper bound deletion horizon Thu Jan 01 05:30:00 IST 1970)... (kafka.log.LogCleaner)
[2025-08-24 23:04:03,174] INFO Cleaner 0: Cleaning LogSegment(baseOffset=0, size=1764, lastModifiedTime=1749476530139, largestRecordTimestamp=-1) in log __consumer_offsets-2 into 0 with an upper bound deletion horizon 0 computed from the segment last modified time of 1749476530139,retaining deletes. (kafka.log.LogCleaner)
[2025-08-24 23:04:03,223] INFO Cleaner 0: Swapping in cleaned segment LogSegment(baseOffset=0, size=263, lastModifiedTime=1749476530139, largestRecordTimestamp=1749476530138) for segment(s) List(LogSegment(baseOffset=0, size=1764, lastModifiedTime=1749476530139, largestRecordTimestamp=-1)) in log Log(dir=E:\data\kafka\kafka-logs\__consumer_offsets-2, topicId=cYr2C3H2TgieI1va9MsgTQ, topic=__consumer_offsets, partition=2, highWatermark=10, lastStableOffset=10, logStartOffset=0, logEndOffset=10) (kafka.log.LogCleaner)
[2025-08-24 23:04:03,270] INFO Cleaner 0: Beginning cleaning of log __consumer_offsets-2 (kafka.log.LogCleaner)
[2025-08-24 23:04:03,270] INFO Cleaner 0: Building offset map for __consumer_offsets-2... (kafka.log.LogCleaner)
[2025-08-24 23:04:03,308] INFO Cleaner 0: Building offset map for log __consumer_offsets-2 for 1 segments in offset range [0, 9). (kafka.log.LogCleaner)
[2025-08-24 23:04:03,310] INFO Cleaner 0: Offset map for log __consumer_offsets-2 complete. (kafka.log.LogCleaner)
[2025-08-24 23:04:03,310] INFO Cleaner 0: Cleaning log __consumer_offsets-2 (cleaning prior to Mon Jun 09 19:12:10 IST 2025, discarding tombstones prior to upper bound deletion horizon Thu Jan 01 05:30:00 IST 1970)... (kafka.log.LogCleaner)
[2025-08-24 23:04:03,340] INFO Cleaner 0: Beginning cleaning of log __consumer_offsets-2 (kafka.log.LogCleaner)
[2025-08-24 23:04:03,340] INFO Cleaner 0: Building offset map for __consumer_offsets-2... (kafka.log.LogCleaner)
[2025-08-24 23:04:49,679] INFO Starting the log cleaner (kafka.log.LogCleaner)
[2025-08-24 23:05:04,818] INFO Cleaner 0: Beginning cleaning of log __consumer_offsets-2 (kafka.log.LogCleaner)
[2025-08-24 23:05:04,819] INFO Cleaner 0: Building offset map for __consumer_offsets-2... (kafka.log.LogCleaner)
[2025-08-24 23:05:04,857] INFO Cleaner 0: Building offset map for log __consumer_offsets-2 for 1 segments in offset range [0, 9). (kafka.log.LogCleaner)
[2025-08-24 23:05:04,874] INFO Cleaner 0: Offset map for log __consumer_offsets-2 complete. (kafka.log.LogCleaner)
[2025-08-24 23:05:04,879] INFO Cleaner 0: Cleaning log __consumer_offsets-2 (cleaning prior to Mon Jun 09 19:12:10 IST 2025, discarding tombstones prior to upper bound deletion horizon Thu Jan 01 05:30:00 IST 1970)... (kafka.log.LogCleaner)
[2025-08-24 23:05:04,886] INFO Cleaner 0: Cleaning LogSegment(baseOffset=0, size=1764, lastModifiedTime=1749476530139, largestRecordTimestamp=-1) in log __consumer_offsets-2 into 0 with an upper bound deletion horizon 0 computed from the segment last modified time of 1749476530139,retaining deletes. (kafka.log.LogCleaner)
[2025-08-24 23:05:04,923] INFO Cleaner 0: Swapping in cleaned segment LogSegment(baseOffset=0, size=263, lastModifiedTime=1749476530139, largestRecordTimestamp=1749476530138) for segment(s) List(LogSegment(baseOffset=0, size=1764, lastModifiedTime=1749476530139, largestRecordTimestamp=-1)) in log Log(dir=E:\data\kafka\kafka-logs\__consumer_offsets-2, topicId=cYr2C3H2TgieI1va9MsgTQ, topic=__consumer_offsets, partition=2, highWatermark=10, lastStableOffset=10, logStartOffset=0, logEndOffset=10) (kafka.log.LogCleaner)
[2025-08-24 23:05:04,955] INFO Cleaner 0: Beginning cleaning of log __consumer_offsets-2 (kafka.log.LogCleaner)
[2025-08-24 23:05:04,956] INFO Cleaner 0: Building offset map for __consumer_offsets-2... (kafka.log.LogCleaner)
[2025-08-24 23:05:04,991] INFO Cleaner 0: Building offset map for log __consumer_offsets-2 for 1 segments in offset range [0, 9). (kafka.log.LogCleaner)
[2025-08-24 23:05:04,992] INFO Cleaner 0: Offset map for log __consumer_offsets-2 complete. (kafka.log.LogCleaner)
[2025-08-24 23:05:04,993] INFO Cleaner 0: Cleaning log __consumer_offsets-2 (cleaning prior to Mon Jun 09 19:12:10 IST 2025, discarding tombstones prior to upper bound deletion horizon Thu Jan 01 05:30:00 IST 1970)... (kafka.log.LogCleaner)
[2025-08-24 23:05:57,637] INFO Starting the log cleaner (kafka.log.LogCleaner)
[2025-08-24 23:06:12,919] INFO Cleaner 0: Beginning cleaning of log __consumer_offsets-2 (kafka.log.LogCleaner)
[2025-08-24 23:06:12,920] INFO Cleaner 0: Building offset map for __consumer_offsets-2... (kafka.log.LogCleaner)
[2025-08-24 23:06:12,992] INFO Cleaner 0: Building offset map for log __consumer_offsets-2 for 1 segments in offset range [0, 9). (kafka.log.LogCleaner)
[2025-08-24 23:06:13,057] INFO Cleaner 0: Offset map for log __consumer_offsets-2 complete. (kafka.log.LogCleaner)
[2025-08-24 23:06:13,074] INFO Cleaner 0: Cleaning log __consumer_offsets-2 (cleaning prior to Mon Jun 09 19:12:10 IST 2025, discarding tombstones prior to upper bound deletion horizon Thu Jan 01 05:30:00 IST 1970)... (kafka.log.LogCleaner)
[2025-08-24 23:06:13,183] INFO Cleaner 0: Cleaning LogSegment(baseOffset=0, size=1764, lastModifiedTime=1749476530139, largestRecordTimestamp=-1) in log __consumer_offsets-2 into 0 with an upper bound deletion horizon 0 computed from the segment last modified time of 1749476530139,retaining deletes. (kafka.log.LogCleaner)
[2025-08-24 23:06:13,426] INFO Cleaner 0: Swapping in cleaned segment LogSegment(baseOffset=0, size=263, lastModifiedTime=1749476530139, largestRecordTimestamp=1749476530138) for segment(s) List(LogSegment(baseOffset=0, size=1764, lastModifiedTime=1749476530139, largestRecordTimestamp=-1)) in log Log(dir=E:\data\kafka\kafka-logs\__consumer_offsets-2, topicId=cYr2C3H2TgieI1va9MsgTQ, topic=__consumer_offsets, partition=2, highWatermark=10, lastStableOffset=10, logStartOffset=0, logEndOffset=10) (kafka.log.LogCleaner)
[2025-08-24 23:06:13,519] INFO Cleaner 0: Beginning cleaning of log __consumer_offsets-2 (kafka.log.LogCleaner)
[2025-08-24 23:06:13,520] INFO Cleaner 0: Building offset map for __consumer_offsets-2... (kafka.log.LogCleaner)
[2025-08-24 23:07:58,571] INFO Starting the log cleaner (kafka.log.LogCleaner)
[2025-08-24 23:08:13,727] INFO Cleaner 0: Beginning cleaning of log __consumer_offsets-2 (kafka.log.LogCleaner)
[2025-08-24 23:08:13,729] INFO Cleaner 0: Building offset map for __consumer_offsets-2... (kafka.log.LogCleaner)
[2025-08-24 23:08:13,793] INFO Cleaner 0: Building offset map for log __consumer_offsets-2 for 1 segments in offset range [0, 9). (kafka.log.LogCleaner)
[2025-08-24 23:08:13,813] INFO Cleaner 0: Offset map for log __consumer_offsets-2 complete. (kafka.log.LogCleaner)
[2025-08-24 23:08:13,818] INFO Cleaner 0: Cleaning log __consumer_offsets-2 (cleaning prior to Mon Jun 09 19:12:10 IST 2025, discarding tombstones prior to upper bound deletion horizon Thu Jan 01 05:30:00 IST 1970)... (kafka.log.LogCleaner)
[2025-08-24 23:08:13,835] INFO Cleaner 0: Cleaning LogSegment(baseOffset=0, size=1764, lastModifiedTime=1749476530139, largestRecordTimestamp=-1) in log __consumer_offsets-2 into 0 with an upper bound deletion horizon 0 computed from the segment last modified time of 1749476530139,retaining deletes. (kafka.log.LogCleaner)
[2025-08-24 23:08:13,872] INFO Cleaner 0: Swapping in cleaned segment LogSegment(baseOffset=0, size=263, lastModifiedTime=1749476530139, largestRecordTimestamp=1749476530138) for segment(s) List(LogSegment(baseOffset=0, size=1764, lastModifiedTime=1749476530139, largestRecordTimestamp=-1)) in log Log(dir=E:\data\kafka\kafka-logs\__consumer_offsets-2, topicId=cYr2C3H2TgieI1va9MsgTQ, topic=__consumer_offsets, partition=2, highWatermark=10, lastStableOffset=10, logStartOffset=0, logEndOffset=10) (kafka.log.LogCleaner)
[2025-08-24 23:08:13,903] INFO Cleaner 0: Beginning cleaning of log __consumer_offsets-2 (kafka.log.LogCleaner)
[2025-08-24 23:08:13,904] INFO Cleaner 0: Building offset map for __consumer_offsets-2... (kafka.log.LogCleaner)
[2025-08-24 23:08:13,933] INFO Cleaner 0: Building offset map for log __consumer_offsets-2 for 1 segments in offset range [0, 9). (kafka.log.LogCleaner)
[2025-08-24 23:08:13,933] INFO Cleaner 0: Offset map for log __consumer_offsets-2 complete. (kafka.log.LogCleaner)
[2025-08-24 23:08:13,934] INFO Cleaner 0: Cleaning log __consumer_offsets-2 (cleaning prior to Mon Jun 09 19:12:10 IST 2025, discarding tombstones prior to upper bound deletion horizon Thu Jan 01 05:30:00 IST 1970)... (kafka.log.LogCleaner)
[2025-08-24 23:08:13,949] INFO Cleaner 0: Beginning cleaning of log __consumer_offsets-2 (kafka.log.LogCleaner)
[2025-08-24 23:08:13,949] INFO Cleaner 0: Building offset map for __consumer_offsets-2... (kafka.log.LogCleaner)
[2025-08-24 23:08:13,976] INFO Cleaner 0: Building offset map for log __consumer_offsets-2 for 1 segments in offset range [0, 9). (kafka.log.LogCleaner)
[2025-08-24 23:08:13,978] INFO Cleaner 0: Offset map for log __consumer_offsets-2 complete. (kafka.log.LogCleaner)
[2025-08-24 23:08:13,978] INFO Cleaner 0: Cleaning log __consumer_offsets-2 (cleaning prior to Mon Jun 09 19:12:10 IST 2025, discarding tombstones prior to upper bound deletion horizon Thu Jan 01 05:30:00 IST 1970)... (kafka.log.LogCleaner)
[2025-08-24 23:09:08,801] INFO Starting the log cleaner (kafka.log.LogCleaner)
[2025-08-24 23:09:23,982] INFO Cleaner 0: Beginning cleaning of log __consumer_offsets-2 (kafka.log.LogCleaner)
[2025-08-24 23:09:23,985] INFO Cleaner 0: Building offset map for __consumer_offsets-2... (kafka.log.LogCleaner)
[2025-08-24 23:09:24,044] INFO Cleaner 0: Building offset map for log __consumer_offsets-2 for 1 segments in offset range [0, 9). (kafka.log.LogCleaner)
[2025-08-24 23:09:24,065] INFO Cleaner 0: Offset map for log __consumer_offsets-2 complete. (kafka.log.LogCleaner)
[2025-08-24 23:09:24,071] INFO Cleaner 0: Cleaning log __consumer_offsets-2 (cleaning prior to Mon Jun 09 19:12:10 IST 2025, discarding tombstones prior to upper bound deletion horizon Thu Jan 01 05:30:00 IST 1970)... (kafka.log.LogCleaner)
[2025-08-24 23:09:24,087] INFO Cleaner 0: Cleaning LogSegment(baseOffset=0, size=1764, lastModifiedTime=1749476530139, largestRecordTimestamp=-1) in log __consumer_offsets-2 into 0 with an upper bound deletion horizon 0 computed from the segment last modified time of 1749476530139,retaining deletes. (kafka.log.LogCleaner)
[2025-08-24 23:09:24,125] INFO Cleaner 0: Swapping in cleaned segment LogSegment(baseOffset=0, size=263, lastModifiedTime=1749476530139, largestRecordTimestamp=1749476530138) for segment(s) List(LogSegment(baseOffset=0, size=1764, lastModifiedTime=1749476530139, largestRecordTimestamp=-1)) in log Log(dir=E:\data\kafka\kafka-logs\__consumer_offsets-2, topicId=cYr2C3H2TgieI1va9MsgTQ, topic=__consumer_offsets, partition=2, highWatermark=10, lastStableOffset=10, logStartOffset=0, logEndOffset=10) (kafka.log.LogCleaner)
[2025-08-24 23:09:24,152] INFO Cleaner 0: Beginning cleaning of log __consumer_offsets-2 (kafka.log.LogCleaner)
[2025-08-24 23:09:24,152] INFO Cleaner 0: Building offset map for __consumer_offsets-2... (kafka.log.LogCleaner)
[2025-08-24 23:09:24,184] INFO Cleaner 0: Building offset map for log __consumer_offsets-2 for 1 segments in offset range [0, 9). (kafka.log.LogCleaner)
[2025-08-24 23:09:24,187] INFO Cleaner 0: Offset map for log __consumer_offsets-2 complete. (kafka.log.LogCleaner)
[2025-08-24 23:09:24,187] INFO Cleaner 0: Cleaning log __consumer_offsets-2 (cleaning prior to Mon Jun 09 19:12:10 IST 2025, discarding tombstones prior to upper bound deletion horizon Thu Jan 01 05:30:00 IST 1970)... (kafka.log.LogCleaner)
[2025-08-24 23:09:24,202] INFO Cleaner 0: Beginning cleaning of log __consumer_offsets-2 (kafka.log.LogCleaner)
[2025-08-24 23:09:24,202] INFO Cleaner 0: Building offset map for __consumer_offsets-2... (kafka.log.LogCleaner)
[2025-08-24 23:09:24,228] INFO Cleaner 0: Building offset map for log __consumer_offsets-2 for 1 segments in offset range [0, 9). (kafka.log.LogCleaner)
[2025-08-24 23:09:24,230] INFO Cleaner 0: Offset map for log __consumer_offsets-2 complete. (kafka.log.LogCleaner)
[2025-08-24 23:09:24,230] INFO Cleaner 0: Cleaning log __consumer_offsets-2 (cleaning prior to Mon Jun 09 19:12:10 IST 2025, discarding tombstones prior to upper bound deletion horizon Thu Jan 01 05:30:00 IST 1970)... (kafka.log.LogCleaner)
[2025-08-24 23:14:31,493] INFO Starting the log cleaner (kafka.log.LogCleaner)
