[2026-02-25 00:30:41,407] WARN Close of session 0x10005d353fb0002 (org.apache.zookeeper.server.NIOServerCnxn)
java.io.IOException: An existing connection was forcibly closed by the remote host
	at sun.nio.ch.SocketDispatcher.read0(Native Method)
	at sun.nio.ch.SocketDispatcher.read(Unknown Source)
	at sun.nio.ch.IOUtil.readIntoNativeBuffer(Unknown Source)
	at sun.nio.ch.IOUtil.read(Unknown Source)
	at sun.nio.ch.SocketChannelImpl.read(Unknown Source)
	at org.apache.zookeeper.server.NIOServerCnxn.doIO(NIOServerCnxn.java:324)
	at org.apache.zookeeper.server.NIOServerCnxnFactory$IOWorkRequest.doWork(NIOServerCnxnFactory.java:522)
	at org.apache.zookeeper.server.WorkerService$ScheduledWorkRequest.run(WorkerService.java:154)
	at java.util.concurrent.ThreadPoolExecutor.runWorker(Unknown Source)
	at java.util.concurrent.ThreadPoolExecutor$Worker.run(Unknown Source)
	at java.lang.Thread.run(Unknown Source)
[2026-02-25 00:31:18,075] INFO Registered kafka:type=kafka.Log4jController MBean (kafka.utils.Log4jControllerRegistration$)
[2026-02-25 00:31:18,256] INFO Setting -D jdk.tls.rejectClientInitiatedRenegotiation=true to disable client-initiated TLS renegotiation (org.apache.zookeeper.common.X509Util)
[2026-02-25 00:31:18,301] INFO starting (kafka.server.KafkaServer)
[2026-02-25 00:31:18,302] INFO Connecting to zookeeper on localhost:2181 (kafka.server.KafkaServer)
[2026-02-25 00:31:18,319] INFO [ZooKeeperClient Kafka server] Initializing a new session to localhost:2181. (kafka.zookeeper.ZooKeeperClient)
[2026-02-25 00:31:18,333] INFO Client environment:zookeeper.version=3.6.4--d65253dcf68e9097c6e95a126463fd5fdeb4521c, built on 12/18/2022 18:10 GMT (org.apache.zookeeper.ZooKeeper)
[2026-02-25 00:31:18,334] INFO Client environment:host.name=192.168.10.6 (org.apache.zookeeper.ZooKeeper)
[2026-02-25 00:31:18,334] INFO Client environment:java.version=1.8.0_481 (org.apache.zookeeper.ZooKeeper)
[2026-02-25 00:31:18,334] INFO Client environment:java.vendor=Oracle Corporation (org.apache.zookeeper.ZooKeeper)
[2026-02-25 00:31:18,334] INFO Client environment:java.home=C:\Program Files\Java\jre1.8.0_481 (org.apache.zookeeper.ZooKeeper)
[2026-02-25 00:31:18,334] INFO Client environment:java.class.path=C:\kafka\libs\activation-1.1.1.jar;C:\kafka\libs\aopalliance-repackaged-2.6.1.jar;C:\kafka\libs\argparse4j-0.7.0.jar;C:\kafka\libs\audience-annotations-0.13.0.jar;C:\kafka\libs\commons-cli-1.4.jar;C:\kafka\libs\commons-lang3-3.8.1.jar;C:\kafka\libs\connect-api-3.5.2.jar;C:\kafka\libs\connect-basic-auth-extension-3.5.2.jar;C:\kafka\libs\connect-file-3.5.2.jar;C:\kafka\libs\connect-json-3.5.2.jar;C:\kafka\libs\connect-mirror-3.5.2.jar;C:\kafka\libs\connect-mirror-client-3.5.2.jar;C:\kafka\libs\connect-runtime-3.5.2.jar;C:\kafka\libs\connect-transforms-3.5.2.jar;C:\kafka\libs\hk2-api-2.6.1.jar;C:\kafka\libs\hk2-locator-2.6.1.jar;C:\kafka\libs\hk2-utils-2.6.1.jar;C:\kafka\libs\jackson-annotations-2.13.5.jar;C:\kafka\libs\jackson-core-2.13.5.jar;C:\kafka\libs\jackson-databind-2.13.5.jar;C:\kafka\libs\jackson-dataformat-csv-2.13.5.jar;C:\kafka\libs\jackson-datatype-jdk8-2.13.5.jar;C:\kafka\libs\jackson-jaxrs-base-2.13.5.jar;C:\kafka\libs\jackson-jaxrs-json-provider-2.13.5.jar;C:\kafka\libs\jackson-module-jaxb-annotations-2.13.5.jar;C:\kafka\libs\jackson-module-scala_2.13-2.13.5.jar;C:\kafka\libs\jakarta.activation-api-1.2.2.jar;C:\kafka\libs\jakarta.annotation-api-1.3.5.jar;C:\kafka\libs\jakarta.inject-2.6.1.jar;C:\kafka\libs\jakarta.validation-api-2.0.2.jar;C:\kafka\libs\jakarta.ws.rs-api-2.1.6.jar;C:\kafka\libs\jakarta.xml.bind-api-2.3.3.jar;C:\kafka\libs\javassist-3.29.2-GA.jar;C:\kafka\libs\javax.activation-api-1.2.0.jar;C:\kafka\libs\javax.annotation-api-1.3.2.jar;C:\kafka\libs\javax.servlet-api-3.1.0.jar;C:\kafka\libs\javax.ws.rs-api-2.1.1.jar;C:\kafka\libs\jaxb-api-2.3.1.jar;C:\kafka\libs\jersey-client-2.39.1.jar;C:\kafka\libs\jersey-common-2.39.1.jar;C:\kafka\libs\jersey-container-servlet-2.39.1.jar;C:\kafka\libs\jersey-container-servlet-core-2.39.1.jar;C:\kafka\libs\jersey-hk2-2.39.1.jar;C:\kafka\libs\jersey-server-2.39.1.jar;C:\kafka\libs\jetty-client-9.4.52.v20230823.jar;C:\kafka\libs\jetty-continuation-9.4.52.v20230823.jar;C:\kafka\libs\jetty-http-9.4.52.v20230823.jar;C:\kafka\libs\jetty-io-9.4.52.v20230823.jar;C:\kafka\libs\jetty-security-9.4.52.v20230823.jar;C:\kafka\libs\jetty-server-9.4.52.v20230823.jar;C:\kafka\libs\jetty-servlet-9.4.52.v20230823.jar;C:\kafka\libs\jetty-servlets-9.4.52.v20230823.jar;C:\kafka\libs\jetty-util-9.4.52.v20230823.jar;C:\kafka\libs\jetty-util-ajax-9.4.52.v20230823.jar;C:\kafka\libs\jline-3.22.0.jar;C:\kafka\libs\jopt-simple-5.0.4.jar;C:\kafka\libs\jose4j-0.9.3.jar;C:\kafka\libs\kafka-clients-3.5.2.jar;C:\kafka\libs\kafka-group-coordinator-3.5.2.jar;C:\kafka\libs\kafka-log4j-appender-3.5.2.jar;C:\kafka\libs\kafka-metadata-3.5.2.jar;C:\kafka\libs\kafka-raft-3.5.2.jar;C:\kafka\libs\kafka-server-common-3.5.2.jar;C:\kafka\libs\kafka-shell-3.5.2.jar;C:\kafka\libs\kafka-storage-3.5.2.jar;C:\kafka\libs\kafka-storage-api-3.5.2.jar;C:\kafka\libs\kafka-streams-3.5.2.jar;C:\kafka\libs\kafka-streams-examples-3.5.2.jar;C:\kafka\libs\kafka-streams-scala_2.13-3.5.2.jar;C:\kafka\libs\kafka-streams-test-utils-3.5.2.jar;C:\kafka\libs\kafka-tools-3.5.2.jar;C:\kafka\libs\kafka-tools-api-3.5.2.jar;C:\kafka\libs\kafka_2.13-3.5.2.jar;C:\kafka\libs\lz4-java-1.8.0.jar;C:\kafka\libs\maven-artifact-3.8.8.jar;C:\kafka\libs\metrics-core-2.2.0.jar;C:\kafka\libs\metrics-core-4.1.12.1.jar;C:\kafka\libs\netty-buffer-4.1.94.Final.jar;C:\kafka\libs\netty-codec-4.1.94.Final.jar;C:\kafka\libs\netty-common-4.1.94.Final.jar;C:\kafka\libs\netty-handler-4.1.94.Final.jar;C:\kafka\libs\netty-resolver-4.1.94.Final.jar;C:\kafka\libs\netty-transport-4.1.94.Final.jar;C:\kafka\libs\netty-transport-classes-epoll-4.1.94.Final.jar;C:\kafka\libs\netty-transport-native-epoll-4.1.94.Final.jar;C:\kafka\libs\netty-transport-native-unix-common-4.1.94.Final.jar;C:\kafka\libs\osgi-resource-locator-1.0.3.jar;C:\kafka\libs\paranamer-2.8.jar;C:\kafka\libs\plexus-utils-3.3.1.jar;C:\kafka\libs\reflections-0.9.12.jar;C:\kafka\libs\reload4j-1.2.25.jar;C:\kafka\libs\rocksdbjni-7.9.2.jar;C:\kafka\libs\scala-collection-compat_2.13-2.10.0.jar;C:\kafka\libs\scala-java8-compat_2.13-1.0.2.jar;C:\kafka\libs\scala-library-2.13.10.jar;C:\kafka\libs\scala-logging_2.13-3.9.4.jar;C:\kafka\libs\scala-reflect-2.13.10.jar;C:\kafka\libs\slf4j-api-1.7.36.jar;C:\kafka\libs\slf4j-reload4j-1.7.36.jar;C:\kafka\libs\snappy-java-1.1.10.5.jar;C:\kafka\libs\swagger-annotations-2.2.8.jar;C:\kafka\libs\trogdor-3.5.2.jar;C:\kafka\libs\zookeeper-3.6.4.jar;C:\kafka\libs\zookeeper-jute-3.6.4.jar;C:\kafka\libs\zstd-jni-1.5.5-1.jar (org.apache.zookeeper.ZooKeeper)
[2026-02-25 00:31:18,335] INFO Client environment:java.library.path=C:\Program Files\Java\jre1.8.0_481\bin;C:\Windows\Sun\Java\bin;C:\Windows\system32;C:\Windows;C:\Program Files (x86)\Common Files\Oracle\Java\java8path;C:\Program Files (x86)\Common Files\Oracle\Java\javapath;C:\Program Files (x86)\Common Files\Intel\Shared Libraries\redist\intel64\compiler;C:\Windows\system32;C:\Windows;C:\Windows\System32\Wbem;C:\Windows\System32\WindowsPowerShell\v1.0\;C:\Windows\System32\OpenSSH\;C:\Program Files (x86)\NVIDIA Corporation\PhysX\Common;C:\Program Files\NVIDIA Corporation\NVIDIA NvDLISR;C:\Program Files\dotnet\;C:\Users\chyas\AppData\Local\Programs\Python\Python38\Scripts\;C:\Users\chyas\AppData\Local\Programs\Python\Python38\;C:\Users\chyas\AppData\Local\Microsoft\WindowsApps;C:\Users\chyas\AppData\Local\Programs\Microsoft VS Code\bin;. (org.apache.zookeeper.ZooKeeper)
[2026-02-25 00:31:18,335] INFO Client environment:java.io.tmpdir=C:\Users\chyas\AppData\Local\Temp\ (org.apache.zookeeper.ZooKeeper)
[2026-02-25 00:31:18,335] INFO Client environment:java.compiler=<NA> (org.apache.zookeeper.ZooKeeper)
[2026-02-25 00:31:18,335] INFO Client environment:os.name=Windows 11 (org.apache.zookeeper.ZooKeeper)
[2026-02-25 00:31:18,336] INFO Client environment:os.arch=amd64 (org.apache.zookeeper.ZooKeeper)
[2026-02-25 00:31:18,336] INFO Client environment:os.version=10.0 (org.apache.zookeeper.ZooKeeper)
[2026-02-25 00:31:18,336] INFO Client environment:user.name=chyas (org.apache.zookeeper.ZooKeeper)
[2026-02-25 00:31:18,336] INFO Client environment:user.home=C:\Users\chyas (org.apache.zookeeper.ZooKeeper)
[2026-02-25 00:31:18,336] INFO Client environment:user.dir=C:\kafka (org.apache.zookeeper.ZooKeeper)
[2026-02-25 00:31:18,336] INFO Client environment:os.memory.free=1011MB (org.apache.zookeeper.ZooKeeper)
[2026-02-25 00:31:18,336] INFO Client environment:os.memory.max=1024MB (org.apache.zookeeper.ZooKeeper)
[2026-02-25 00:31:18,337] INFO Client environment:os.memory.total=1024MB (org.apache.zookeeper.ZooKeeper)
[2026-02-25 00:31:18,338] INFO Initiating client connection, connectString=localhost:2181 sessionTimeout=18000 watcher=kafka.zookeeper.ZooKeeperClient$ZooKeeperClientWatcher$@2d6c53fc (org.apache.zookeeper.ZooKeeper)
[2026-02-25 00:31:18,345] INFO jute.maxbuffer value is 4194304 Bytes (org.apache.zookeeper.ClientCnxnSocket)
[2026-02-25 00:31:18,348] INFO zookeeper.request.timeout value is 0. feature enabled=false (org.apache.zookeeper.ClientCnxn)
[2026-02-25 00:31:18,349] INFO [ZooKeeperClient Kafka server] Waiting until connected. (kafka.zookeeper.ZooKeeperClient)
[2026-02-25 00:31:18,350] INFO Opening socket connection to server localhost/127.0.0.1:2181. (org.apache.zookeeper.ClientCnxn)
[2026-02-25 00:31:20,398] WARN Session 0x0 for server localhost/127.0.0.1:2181, Closing socket connection. Attempting reconnect except it is a SessionExpiredException. (org.apache.zookeeper.ClientCnxn)
java.net.ConnectException: Connection refused: no further information
	at sun.nio.ch.SocketChannelImpl.checkConnect(Native Method)
	at sun.nio.ch.SocketChannelImpl.finishConnect(Unknown Source)
	at org.apache.zookeeper.ClientCnxnSocketNIO.doTransport(ClientCnxnSocketNIO.java:344)
	at org.apache.zookeeper.ClientCnxn$SendThread.run(ClientCnxn.java:1293)
[2026-02-25 00:31:21,516] INFO Opening socket connection to server localhost/0:0:0:0:0:0:0:1:2181. (org.apache.zookeeper.ClientCnxn)
[2026-02-25 00:31:23,558] WARN Session 0x0 for server localhost/0:0:0:0:0:0:0:1:2181, Closing socket connection. Attempting reconnect except it is a SessionExpiredException. (org.apache.zookeeper.ClientCnxn)
java.net.ConnectException: Connection refused: no further information
	at sun.nio.ch.SocketChannelImpl.checkConnect(Native Method)
	at sun.nio.ch.SocketChannelImpl.finishConnect(Unknown Source)
	at org.apache.zookeeper.ClientCnxnSocketNIO.doTransport(ClientCnxnSocketNIO.java:344)
	at org.apache.zookeeper.ClientCnxn$SendThread.run(ClientCnxn.java:1293)
[2026-02-25 00:31:24,671] INFO Opening socket connection to server localhost/0:0:0:0:0:0:0:1:2181. (org.apache.zookeeper.ClientCnxn)
[2026-02-25 00:31:26,711] WARN Session 0x0 for server localhost/0:0:0:0:0:0:0:1:2181, Closing socket connection. Attempting reconnect except it is a SessionExpiredException. (org.apache.zookeeper.ClientCnxn)
java.net.ConnectException: Connection refused: no further information
	at sun.nio.ch.SocketChannelImpl.checkConnect(Native Method)
	at sun.nio.ch.SocketChannelImpl.finishConnect(Unknown Source)
	at org.apache.zookeeper.ClientCnxnSocketNIO.doTransport(ClientCnxnSocketNIO.java:344)
	at org.apache.zookeeper.ClientCnxn$SendThread.run(ClientCnxn.java:1293)
[2026-02-25 00:31:27,439] INFO shutting down (kafka.server.KafkaServer)
[2026-02-25 00:31:27,441] ERROR Fatal error during KafkaServer shutdown. (kafka.server.KafkaServer)
java.lang.IllegalStateException: Kafka server is still starting up, cannot shut down!
	at kafka.server.KafkaServer.shutdown(KafkaServer.scala:861)
	at kafka.Kafka$.$anonfun$main$3(Kafka.scala:104)
	at kafka.utils.Exit$.$anonfun$addShutdownHook$1(Exit.scala:38)
	at java.lang.Thread.run(Unknown Source)
[2026-02-25 00:31:27,442] ERROR Halting Kafka. (kafka.Kafka$)
[2026-02-25 00:31:44,696] INFO Reading configuration from: config\zookeeper.properties (org.apache.zookeeper.server.quorum.QuorumPeerConfig)
[2026-02-25 00:31:44,697] WARN config\zookeeper.properties is relative. Prepend .\ to indicate that you're sure! (org.apache.zookeeper.server.quorum.QuorumPeerConfig)
[2026-02-25 00:31:44,699] WARN \tmp\zookeeper is relative. Prepend .\ to indicate that you're sure! (org.apache.zookeeper.server.quorum.QuorumPeerConfig)
[2026-02-25 00:31:44,701] INFO clientPortAddress is 0.0.0.0:2181 (org.apache.zookeeper.server.quorum.QuorumPeerConfig)
[2026-02-25 00:31:44,701] INFO secureClientPort is not set (org.apache.zookeeper.server.quorum.QuorumPeerConfig)
[2026-02-25 00:31:44,701] INFO observerMasterPort is not set (org.apache.zookeeper.server.quorum.QuorumPeerConfig)
[2026-02-25 00:31:44,701] INFO metricsProvider.className is org.apache.zookeeper.metrics.impl.DefaultMetricsProvider (org.apache.zookeeper.server.quorum.QuorumPeerConfig)
[2026-02-25 00:31:44,702] INFO autopurge.snapRetainCount set to 3 (org.apache.zookeeper.server.DatadirCleanupManager)
[2026-02-25 00:31:44,702] INFO autopurge.purgeInterval set to 0 (org.apache.zookeeper.server.DatadirCleanupManager)
[2026-02-25 00:31:44,703] INFO Purge task is not scheduled. (org.apache.zookeeper.server.DatadirCleanupManager)
[2026-02-25 00:31:44,703] WARN Either no config or no quorum defined in config, running in standalone mode (org.apache.zookeeper.server.quorum.QuorumPeerMain)
[2026-02-25 00:31:44,704] INFO Log4j 1.2 jmx support not found; jmx disabled. (org.apache.zookeeper.jmx.ManagedUtil)
[2026-02-25 00:31:44,704] INFO Reading configuration from: config\zookeeper.properties (org.apache.zookeeper.server.quorum.QuorumPeerConfig)
[2026-02-25 00:31:44,704] WARN config\zookeeper.properties is relative. Prepend .\ to indicate that you're sure! (org.apache.zookeeper.server.quorum.QuorumPeerConfig)
[2026-02-25 00:31:44,705] WARN \tmp\zookeeper is relative. Prepend .\ to indicate that you're sure! (org.apache.zookeeper.server.quorum.QuorumPeerConfig)
[2026-02-25 00:31:44,705] INFO clientPortAddress is 0.0.0.0:2181 (org.apache.zookeeper.server.quorum.QuorumPeerConfig)
[2026-02-25 00:31:44,705] INFO secureClientPort is not set (org.apache.zookeeper.server.quorum.QuorumPeerConfig)
[2026-02-25 00:31:44,705] INFO observerMasterPort is not set (org.apache.zookeeper.server.quorum.QuorumPeerConfig)
[2026-02-25 00:31:44,705] INFO metricsProvider.className is org.apache.zookeeper.metrics.impl.DefaultMetricsProvider (org.apache.zookeeper.server.quorum.QuorumPeerConfig)
[2026-02-25 00:31:44,706] INFO Starting server (org.apache.zookeeper.server.ZooKeeperServerMain)
[2026-02-25 00:31:44,712] INFO ServerMetrics initialized with provider org.apache.zookeeper.metrics.impl.DefaultMetricsProvider@418e7838 (org.apache.zookeeper.server.ServerMetrics)
[2026-02-25 00:31:44,714] INFO zookeeper.snapshot.trust.empty : false (org.apache.zookeeper.server.persistence.FileTxnSnapLog)
[2026-02-25 00:31:44,726] INFO  (org.apache.zookeeper.server.ZooKeeperServer)
[2026-02-25 00:31:44,727] INFO   ______                  _                                           (org.apache.zookeeper.server.ZooKeeperServer)
[2026-02-25 00:31:44,727] INFO  |___  /                 | |                                          (org.apache.zookeeper.server.ZooKeeperServer)
[2026-02-25 00:31:44,727] INFO     / /    ___     ___   | | __   ___    ___   _ __     ___   _ __    (org.apache.zookeeper.server.ZooKeeperServer)
[2026-02-25 00:31:44,727] INFO    / /    / _ \   / _ \  | |/ /  / _ \  / _ \ | '_ \   / _ \ | '__| (org.apache.zookeeper.server.ZooKeeperServer)
[2026-02-25 00:31:44,727] INFO   / /__  | (_) | | (_) | |   <  |  __/ |  __/ | |_) | |  __/ | |     (org.apache.zookeeper.server.ZooKeeperServer)
[2026-02-25 00:31:44,727] INFO  /_____|  \___/   \___/  |_|\_\  \___|  \___| | .__/   \___| |_| (org.apache.zookeeper.server.ZooKeeperServer)
[2026-02-25 00:31:44,728] INFO                                               | |                      (org.apache.zookeeper.server.ZooKeeperServer)
[2026-02-25 00:31:44,728] INFO                                               |_|                      (org.apache.zookeeper.server.ZooKeeperServer)
[2026-02-25 00:31:44,728] INFO  (org.apache.zookeeper.server.ZooKeeperServer)
[2026-02-25 00:31:44,735] INFO Server environment:zookeeper.version=3.6.4--d65253dcf68e9097c6e95a126463fd5fdeb4521c, built on 12/18/2022 18:10 GMT (org.apache.zookeeper.server.ZooKeeperServer)
[2026-02-25 00:31:44,735] INFO Server environment:host.name=192.168.10.6 (org.apache.zookeeper.server.ZooKeeperServer)
[2026-02-25 00:31:44,736] INFO Server environment:java.version=1.8.0_481 (org.apache.zookeeper.server.ZooKeeperServer)
[2026-02-25 00:31:44,736] INFO Server environment:java.vendor=Oracle Corporation (org.apache.zookeeper.server.ZooKeeperServer)
[2026-02-25 00:31:44,736] INFO Server environment:java.home=C:\Program Files\Java\jre1.8.0_481 (org.apache.zookeeper.server.ZooKeeperServer)
[2026-02-25 00:31:44,736] INFO Server environment:java.class.path=C:\kafka\libs\activation-1.1.1.jar;C:\kafka\libs\aopalliance-repackaged-2.6.1.jar;C:\kafka\libs\argparse4j-0.7.0.jar;C:\kafka\libs\audience-annotations-0.13.0.jar;C:\kafka\libs\commons-cli-1.4.jar;C:\kafka\libs\commons-lang3-3.8.1.jar;C:\kafka\libs\connect-api-3.5.2.jar;C:\kafka\libs\connect-basic-auth-extension-3.5.2.jar;C:\kafka\libs\connect-file-3.5.2.jar;C:\kafka\libs\connect-json-3.5.2.jar;C:\kafka\libs\connect-mirror-3.5.2.jar;C:\kafka\libs\connect-mirror-client-3.5.2.jar;C:\kafka\libs\connect-runtime-3.5.2.jar;C:\kafka\libs\connect-transforms-3.5.2.jar;C:\kafka\libs\hk2-api-2.6.1.jar;C:\kafka\libs\hk2-locator-2.6.1.jar;C:\kafka\libs\hk2-utils-2.6.1.jar;C:\kafka\libs\jackson-annotations-2.13.5.jar;C:\kafka\libs\jackson-core-2.13.5.jar;C:\kafka\libs\jackson-databind-2.13.5.jar;C:\kafka\libs\jackson-dataformat-csv-2.13.5.jar;C:\kafka\libs\jackson-datatype-jdk8-2.13.5.jar;C:\kafka\libs\jackson-jaxrs-base-2.13.5.jar;C:\kafka\libs\jackson-jaxrs-json-provider-2.13.5.jar;C:\kafka\libs\jackson-module-jaxb-annotations-2.13.5.jar;C:\kafka\libs\jackson-module-scala_2.13-2.13.5.jar;C:\kafka\libs\jakarta.activation-api-1.2.2.jar;C:\kafka\libs\jakarta.annotation-api-1.3.5.jar;C:\kafka\libs\jakarta.inject-2.6.1.jar;C:\kafka\libs\jakarta.validation-api-2.0.2.jar;C:\kafka\libs\jakarta.ws.rs-api-2.1.6.jar;C:\kafka\libs\jakarta.xml.bind-api-2.3.3.jar;C:\kafka\libs\javassist-3.29.2-GA.jar;C:\kafka\libs\javax.activation-api-1.2.0.jar;C:\kafka\libs\javax.annotation-api-1.3.2.jar;C:\kafka\libs\javax.servlet-api-3.1.0.jar;C:\kafka\libs\javax.ws.rs-api-2.1.1.jar;C:\kafka\libs\jaxb-api-2.3.1.jar;C:\kafka\libs\jersey-client-2.39.1.jar;C:\kafka\libs\jersey-common-2.39.1.jar;C:\kafka\libs\jersey-container-servlet-2.39.1.jar;C:\kafka\libs\jersey-container-servlet-core-2.39.1.jar;C:\kafka\libs\jersey-hk2-2.39.1.jar;C:\kafka\libs\jersey-server-2.39.1.jar;C:\kafka\libs\jetty-client-9.4.52.v20230823.jar;C:\kafka\libs\jetty-continuation-9.4.52.v20230823.jar;C:\kafka\libs\jetty-http-9.4.52.v20230823.jar;C:\kafka\libs\jetty-io-9.4.52.v20230823.jar;C:\kafka\libs\jetty-security-9.4.52.v20230823.jar;C:\kafka\libs\jetty-server-9.4.52.v20230823.jar;C:\kafka\libs\jetty-servlet-9.4.52.v20230823.jar;C:\kafka\libs\jetty-servlets-9.4.52.v20230823.jar;C:\kafka\libs\jetty-util-9.4.52.v20230823.jar;C:\kafka\libs\jetty-util-ajax-9.4.52.v20230823.jar;C:\kafka\libs\jline-3.22.0.jar;C:\kafka\libs\jopt-simple-5.0.4.jar;C:\kafka\libs\jose4j-0.9.3.jar;C:\kafka\libs\kafka-clients-3.5.2.jar;C:\kafka\libs\kafka-group-coordinator-3.5.2.jar;C:\kafka\libs\kafka-log4j-appender-3.5.2.jar;C:\kafka\libs\kafka-metadata-3.5.2.jar;C:\kafka\libs\kafka-raft-3.5.2.jar;C:\kafka\libs\kafka-server-common-3.5.2.jar;C:\kafka\libs\kafka-shell-3.5.2.jar;C:\kafka\libs\kafka-storage-3.5.2.jar;C:\kafka\libs\kafka-storage-api-3.5.2.jar;C:\kafka\libs\kafka-streams-3.5.2.jar;C:\kafka\libs\kafka-streams-examples-3.5.2.jar;C:\kafka\libs\kafka-streams-scala_2.13-3.5.2.jar;C:\kafka\libs\kafka-streams-test-utils-3.5.2.jar;C:\kafka\libs\kafka-tools-3.5.2.jar;C:\kafka\libs\kafka-tools-api-3.5.2.jar;C:\kafka\libs\kafka_2.13-3.5.2.jar;C:\kafka\libs\lz4-java-1.8.0.jar;C:\kafka\libs\maven-artifact-3.8.8.jar;C:\kafka\libs\metrics-core-2.2.0.jar;C:\kafka\libs\metrics-core-4.1.12.1.jar;C:\kafka\libs\netty-buffer-4.1.94.Final.jar;C:\kafka\libs\netty-codec-4.1.94.Final.jar;C:\kafka\libs\netty-common-4.1.94.Final.jar;C:\kafka\libs\netty-handler-4.1.94.Final.jar;C:\kafka\libs\netty-resolver-4.1.94.Final.jar;C:\kafka\libs\netty-transport-4.1.94.Final.jar;C:\kafka\libs\netty-transport-classes-epoll-4.1.94.Final.jar;C:\kafka\libs\netty-transport-native-epoll-4.1.94.Final.jar;C:\kafka\libs\netty-transport-native-unix-common-4.1.94.Final.jar;C:\kafka\libs\osgi-resource-locator-1.0.3.jar;C:\kafka\libs\paranamer-2.8.jar;C:\kafka\libs\plexus-utils-3.3.1.jar;C:\kafka\libs\reflections-0.9.12.jar;C:\kafka\libs\reload4j-1.2.25.jar;C:\kafka\libs\rocksdbjni-7.9.2.jar;C:\kafka\libs\scala-collection-compat_2.13-2.10.0.jar;C:\kafka\libs\scala-java8-compat_2.13-1.0.2.jar;C:\kafka\libs\scala-library-2.13.10.jar;C:\kafka\libs\scala-logging_2.13-3.9.4.jar;C:\kafka\libs\scala-reflect-2.13.10.jar;C:\kafka\libs\slf4j-api-1.7.36.jar;C:\kafka\libs\slf4j-reload4j-1.7.36.jar;C:\kafka\libs\snappy-java-1.1.10.5.jar;C:\kafka\libs\swagger-annotations-2.2.8.jar;C:\kafka\libs\trogdor-3.5.2.jar;C:\kafka\libs\zookeeper-3.6.4.jar;C:\kafka\libs\zookeeper-jute-3.6.4.jar;C:\kafka\libs\zstd-jni-1.5.5-1.jar (org.apache.zookeeper.server.ZooKeeperServer)
[2026-02-25 00:31:44,737] INFO Server environment:java.library.path=C:\Program Files\Java\jre1.8.0_481\bin;C:\Windows\Sun\Java\bin;C:\Windows\system32;C:\Windows;C:\Program Files (x86)\Common Files\Oracle\Java\java8path;C:\Program Files (x86)\Common Files\Oracle\Java\javapath;C:\Program Files (x86)\Common Files\Intel\Shared Libraries\redist\intel64\compiler;C:\Windows\system32;C:\Windows;C:\Windows\System32\Wbem;C:\Windows\System32\WindowsPowerShell\v1.0\;C:\Windows\System32\OpenSSH\;C:\Program Files (x86)\NVIDIA Corporation\PhysX\Common;C:\Program Files\NVIDIA Corporation\NVIDIA NvDLISR;C:\Program Files\dotnet\;C:\Users\chyas\AppData\Local\Programs\Python\Python38\Scripts\;C:\Users\chyas\AppData\Local\Programs\Python\Python38\;C:\Users\chyas\AppData\Local\Microsoft\WindowsApps;C:\Users\chyas\AppData\Local\Programs\Microsoft VS Code\bin;. (org.apache.zookeeper.server.ZooKeeperServer)
[2026-02-25 00:31:44,737] INFO Server environment:java.io.tmpdir=C:\Users\chyas\AppData\Local\Temp\ (org.apache.zookeeper.server.ZooKeeperServer)
[2026-02-25 00:31:44,737] INFO Server environment:java.compiler=<NA> (org.apache.zookeeper.server.ZooKeeperServer)
[2026-02-25 00:31:44,737] INFO Server environment:os.name=Windows 11 (org.apache.zookeeper.server.ZooKeeperServer)
[2026-02-25 00:31:44,737] INFO Server environment:os.arch=amd64 (org.apache.zookeeper.server.ZooKeeperServer)
[2026-02-25 00:31:44,737] INFO Server environment:os.version=10.0 (org.apache.zookeeper.server.ZooKeeperServer)
[2026-02-25 00:31:44,737] INFO Server environment:user.name=chyas (org.apache.zookeeper.server.ZooKeeperServer)
[2026-02-25 00:31:44,738] INFO Server environment:user.home=C:\Users\chyas (org.apache.zookeeper.server.ZooKeeperServer)
[2026-02-25 00:31:44,738] INFO Server environment:user.dir=C:\kafka (org.apache.zookeeper.server.ZooKeeperServer)
[2026-02-25 00:31:44,738] INFO Server environment:os.memory.free=493MB (org.apache.zookeeper.server.ZooKeeperServer)
[2026-02-25 00:31:44,738] INFO Server environment:os.memory.max=512MB (org.apache.zookeeper.server.ZooKeeperServer)
[2026-02-25 00:31:44,738] INFO Server environment:os.memory.total=512MB (org.apache.zookeeper.server.ZooKeeperServer)
[2026-02-25 00:31:44,738] INFO zookeeper.enableEagerACLCheck = false (org.apache.zookeeper.server.ZooKeeperServer)
[2026-02-25 00:31:44,738] INFO zookeeper.digest.enabled = true (org.apache.zookeeper.server.ZooKeeperServer)
[2026-02-25 00:31:44,738] INFO zookeeper.closeSessionTxn.enabled = true (org.apache.zookeeper.server.ZooKeeperServer)
[2026-02-25 00:31:44,738] INFO zookeeper.flushDelay=0 (org.apache.zookeeper.server.ZooKeeperServer)
[2026-02-25 00:31:44,738] INFO zookeeper.maxWriteQueuePollTime=0 (org.apache.zookeeper.server.ZooKeeperServer)
[2026-02-25 00:31:44,739] INFO zookeeper.maxBatchSize=1000 (org.apache.zookeeper.server.ZooKeeperServer)
[2026-02-25 00:31:44,739] INFO zookeeper.intBufferStartingSizeBytes = 1024 (org.apache.zookeeper.server.ZooKeeperServer)
[2026-02-25 00:31:44,739] INFO Weighed connection throttling is disabled (org.apache.zookeeper.server.BlueThrottle)
[2026-02-25 00:31:44,740] INFO minSessionTimeout set to 6000 (org.apache.zookeeper.server.ZooKeeperServer)
[2026-02-25 00:31:44,740] INFO maxSessionTimeout set to 60000 (org.apache.zookeeper.server.ZooKeeperServer)
[2026-02-25 00:31:44,741] INFO Response cache size is initialized with value 400. (org.apache.zookeeper.server.ResponseCache)
[2026-02-25 00:31:44,741] INFO Response cache size is initialized with value 400. (org.apache.zookeeper.server.ResponseCache)
[2026-02-25 00:31:44,742] INFO zookeeper.pathStats.slotCapacity = 60 (org.apache.zookeeper.server.util.RequestPathMetricsCollector)
[2026-02-25 00:31:44,742] INFO zookeeper.pathStats.slotDuration = 15 (org.apache.zookeeper.server.util.RequestPathMetricsCollector)
[2026-02-25 00:31:44,742] INFO zookeeper.pathStats.maxDepth = 6 (org.apache.zookeeper.server.util.RequestPathMetricsCollector)
[2026-02-25 00:31:44,742] INFO zookeeper.pathStats.initialDelay = 5 (org.apache.zookeeper.server.util.RequestPathMetricsCollector)
[2026-02-25 00:31:44,742] INFO zookeeper.pathStats.delay = 5 (org.apache.zookeeper.server.util.RequestPathMetricsCollector)
[2026-02-25 00:31:44,742] INFO zookeeper.pathStats.enabled = false (org.apache.zookeeper.server.util.RequestPathMetricsCollector)
[2026-02-25 00:31:44,744] INFO The max bytes for all large requests are set to 104857600 (org.apache.zookeeper.server.ZooKeeperServer)
[2026-02-25 00:31:44,744] INFO The large request threshold is set to -1 (org.apache.zookeeper.server.ZooKeeperServer)
[2026-02-25 00:31:44,744] INFO Created server with tickTime 3000 minSessionTimeout 6000 maxSessionTimeout 60000 clientPortListenBacklog -1 datadir \tmp\zookeeper\version-2 snapdir \tmp\zookeeper\version-2 (org.apache.zookeeper.server.ZooKeeperServer)
[2026-02-25 00:31:44,751] INFO Using org.apache.zookeeper.server.NIOServerCnxnFactory as server connection factory (org.apache.zookeeper.server.ServerCnxnFactory)
[2026-02-25 00:31:44,752] WARN maxCnxns is not configured, using default value 0. (org.apache.zookeeper.server.ServerCnxnFactory)
[2026-02-25 00:31:44,753] INFO Configuring NIO connection handler with 10s sessionless connection timeout, 3 selector thread(s), 40 worker threads, and 64 kB direct buffers. (org.apache.zookeeper.server.NIOServerCnxnFactory)
[2026-02-25 00:31:44,755] INFO binding to port 0.0.0.0/0.0.0.0:2181 (org.apache.zookeeper.server.NIOServerCnxnFactory)
[2026-02-25 00:31:44,764] INFO Using org.apache.zookeeper.server.watch.WatchManager as watch manager (org.apache.zookeeper.server.watch.WatchManagerFactory)
[2026-02-25 00:31:44,764] INFO Using org.apache.zookeeper.server.watch.WatchManager as watch manager (org.apache.zookeeper.server.watch.WatchManagerFactory)
[2026-02-25 00:31:44,765] INFO zookeeper.snapshotSizeFactor = 0.33 (org.apache.zookeeper.server.ZKDatabase)
[2026-02-25 00:31:44,765] INFO zookeeper.commitLogCount=500 (org.apache.zookeeper.server.ZKDatabase)
[2026-02-25 00:31:44,768] INFO zookeeper.snapshot.compression.method = CHECKED (org.apache.zookeeper.server.persistence.SnapStream)
[2026-02-25 00:31:44,781] INFO Reading snapshot \tmp\zookeeper\version-2\snapshot.1b0 (org.apache.zookeeper.server.persistence.FileSnap)
[2026-02-25 00:31:44,792] INFO The digest in the snapshot has digest version of 2, , with zxid as 0x1b0, and digest value as 290801996849 (org.apache.zookeeper.server.DataTree)
[2026-02-25 00:31:44,817] INFO ZooKeeper audit is disabled. (org.apache.zookeeper.audit.ZKAuditProvider)
[2026-02-25 00:31:44,820] INFO 53 txns loaded in 9 ms (org.apache.zookeeper.server.persistence.FileTxnSnapLog)
[2026-02-25 00:31:44,820] INFO Snapshot loaded in 55 ms, highest zxid is 0x1e5, digest is 293489869246 (org.apache.zookeeper.server.ZKDatabase)
[2026-02-25 00:31:44,820] INFO Snapshotting: 0x1e5 to \tmp\zookeeper\version-2\snapshot.1e5 (org.apache.zookeeper.server.persistence.FileTxnSnapLog)
[2026-02-25 00:31:44,823] INFO Snapshot taken in 2 ms (org.apache.zookeeper.server.ZooKeeperServer)
[2026-02-25 00:31:44,828] INFO zookeeper.request_throttler.shutdownTimeout = 10000 (org.apache.zookeeper.server.RequestThrottler)
[2026-02-25 00:31:44,828] INFO PrepRequestProcessor (sid:0) started, reconfigEnabled=false (org.apache.zookeeper.server.PrepRequestProcessor)
[2026-02-25 00:31:44,837] INFO Using checkIntervalMs=60000 maxPerMinute=10000 maxNeverUsedIntervalMs=0 (org.apache.zookeeper.server.ContainerManager)
